0 info it worked if it ends with ok
1 verbose cli [ '/usr/local/bin/node',
1 verbose cli   '/usr/local/bin/npm',
1 verbose cli   'install',
1 verbose cli   'material-ui@0.15.2',
1 verbose cli   '--save' ]
2 info using npm@3.10.1
3 info using node@v6.2.2
4 silly loadCurrentTree Starting
5 silly install loadCurrentTree
6 silly install readLocalPackageData
7 silly fetchPackageMetaData material-ui@0.15.2
8 silly fetchNamedPackageData material-ui
9 silly mapToRegistry name material-ui
10 silly mapToRegistry using default registry
11 silly mapToRegistry registry https://registry.npmjs.org/
12 silly mapToRegistry data Result {
12 silly mapToRegistry   raw: 'material-ui',
12 silly mapToRegistry   scope: null,
12 silly mapToRegistry   escapedName: 'material-ui',
12 silly mapToRegistry   name: 'material-ui',
12 silly mapToRegistry   rawSpec: '',
12 silly mapToRegistry   spec: 'latest',
12 silly mapToRegistry   type: 'tag' }
13 silly mapToRegistry uri https://registry.npmjs.org/material-ui
14 verbose request uri https://registry.npmjs.org/material-ui
15 verbose request no auth needed
16 info attempt registry request try #1 at 5:58:40 PM
17 verbose request id dca88a7bf812bd6a
18 verbose etag "DVBORSNEIZRK9RJU1BUQWTGUL"
19 http request GET https://registry.npmjs.org/material-ui
20 http 304 https://registry.npmjs.org/material-ui
21 verbose headers { date: 'Fri, 08 Jul 2016 21:58:41 GMT',
21 verbose headers   via: '1.1 varnish',
21 verbose headers   'cache-control': 'max-age=300',
21 verbose headers   etag: '"DVBORSNEIZRK9RJU1BUQWTGUL"',
21 verbose headers   age: '0',
21 verbose headers   connection: 'keep-alive',
21 verbose headers   'x-served-by': 'cache-ord1748-ORD',
21 verbose headers   'x-cache': 'MISS',
21 verbose headers   'x-cache-hits': '0',
21 verbose headers   'x-timer': 'S1468015121.480379,VS0,VE80',
21 verbose headers   vary: 'Accept-Encoding' }
22 silly get cb [ 304,
22 silly get   { date: 'Fri, 08 Jul 2016 21:58:41 GMT',
22 silly get     via: '1.1 varnish',
22 silly get     'cache-control': 'max-age=300',
22 silly get     etag: '"DVBORSNEIZRK9RJU1BUQWTGUL"',
22 silly get     age: '0',
22 silly get     connection: 'keep-alive',
22 silly get     'x-served-by': 'cache-ord1748-ORD',
22 silly get     'x-cache': 'MISS',
22 silly get     'x-cache-hits': '0',
22 silly get     'x-timer': 'S1468015121.480379,VS0,VE80',
22 silly get     vary: 'Accept-Encoding' } ]
23 verbose etag https://registry.npmjs.org/material-ui from cache
24 verbose get saving material-ui to /Users/henrikbechmann/.npm/registry.npmjs.org/material-ui/.cache.json
25 verbose correctMkdir /Users/henrikbechmann/.npm correctMkdir not in flight; initializing
26 silly fetchNamedPackageData No valid target from cache, forcing network
27 verbose request uri https://registry.npmjs.org/material-ui
28 verbose request no auth needed
29 info attempt registry request try #1 at 5:58:41 PM
30 http request GET https://registry.npmjs.org/material-ui
31 http 200 https://registry.npmjs.org/material-ui
32 verbose headers { server: 'CouchDB/1.6.1 (Erlang OTP/R16B03)',
32 verbose headers   etag: '"DVBORSNEIZRK9RJU1BUQWTGUL"',
32 verbose headers   'content-type': 'application/json',
32 verbose headers   'content-encoding': 'gzip',
32 verbose headers   'cache-control': 'max-age=300',
32 verbose headers   'content-length': '16499',
32 verbose headers   'accept-ranges': 'bytes',
32 verbose headers   date: 'Fri, 08 Jul 2016 21:58:41 GMT',
32 verbose headers   via: '1.1 varnish',
32 verbose headers   age: '0',
32 verbose headers   connection: 'keep-alive',
32 verbose headers   'x-served-by': 'cache-ord1748-ORD',
32 verbose headers   'x-cache': 'HIT',
32 verbose headers   'x-cache-hits': '1',
32 verbose headers   'x-timer': 'S1468015121.624160,VS0,VE0',
32 verbose headers   vary: 'Accept-Encoding' }
33 silly get cb [ 200,
33 silly get   { server: 'CouchDB/1.6.1 (Erlang OTP/R16B03)',
33 silly get     etag: '"DVBORSNEIZRK9RJU1BUQWTGUL"',
33 silly get     'content-type': 'application/json',
33 silly get     'content-encoding': 'gzip',
33 silly get     'cache-control': 'max-age=300',
33 silly get     'content-length': '16499',
33 silly get     'accept-ranges': 'bytes',
33 silly get     date: 'Fri, 08 Jul 2016 21:58:41 GMT',
33 silly get     via: '1.1 varnish',
33 silly get     age: '0',
33 silly get     connection: 'keep-alive',
33 silly get     'x-served-by': 'cache-ord1748-ORD',
33 silly get     'x-cache': 'HIT',
33 silly get     'x-cache-hits': '1',
33 silly get     'x-timer': 'S1468015121.624160,VS0,VE0',
33 silly get     vary: 'Accept-Encoding' } ]
34 verbose get saving material-ui to /Users/henrikbechmann/.npm/registry.npmjs.org/material-ui/.cache.json
35 verbose correctMkdir /Users/henrikbechmann/.npm correctMkdir not in flight; initializing
36 silly fetchPackageMetaData Error: No compatible version found: material-ui@0.15.2
36 silly fetchPackageMetaData Valid install targets:
36 silly fetchPackageMetaData 0.15.1, 0.15.0, 0.15.0-beta.2, 0.15.0-beta.1, 0.15.0-alpha.2, 0.15.0-alpha.1, 0.14.4, 0.14.3, 0.14.2, 0.14.1, 0.14.0, 0.14.0-rc2, 0.14.0-rc1, 0.13.4, 0.13.3, 0.13.2, 0.13.1, 0.13.0, 0.12.5, 0.12.4, 0.12.3, 0.12.2, 0.12.1, 0.12.0, 0.11.1, 0.11.0, 0.10.4, 0.10.3, 0.10.2, 0.10.1, 0.10.0, 0.9.2, 0.9.1, 0.9.0, 0.8.0, 0.7.5, 0.7.4, 0.7.3, 0.7.2, 0.7.1, 0.7.0, 0.6.1, 0.6.0, 0.5.0, 0.4.1, 0.4.0, 0.3.3, 0.3.2, 0.3.1, 0.3.0, 0.2.2, 0.2.1, 0.2.0, 0.1.30, 0.1.29, 0.1.28, 0.1.27, 0.1.26, 0.1.25, 0.1.24, 0.1.23, 0.1.22, 0.1.21, 0.1.2, 0.1.1, 0.1.0
36 silly fetchPackageMetaData
36 silly fetchPackageMetaData     at pickVersionFromRegistryDocument (/usr/local/lib/node_modules/npm/lib/fetch-package-metadata.js:170:16)
36 silly fetchPackageMetaData     at /usr/local/lib/node_modules/npm/node_modules/iferr/index.js:13:50
36 silly fetchPackageMetaData     at /usr/local/lib/node_modules/npm/lib/utils/pulse-till-done.js:20:8
36 silly fetchPackageMetaData     at saved (/usr/local/lib/node_modules/npm/lib/cache/caching-client.js:174:7)
36 silly fetchPackageMetaData     at /usr/local/lib/node_modules/npm/node_modules/graceful-fs/polyfills.js:210:7
36 silly fetchPackageMetaData     at FSReqWrap.oncomplete (fs.js:117:15)
36 silly fetchPackageMetaData  error for material-ui@0.15.2 Error: No compatible version found: material-ui@0.15.2
36 silly fetchPackageMetaData Valid install targets:
36 silly fetchPackageMetaData 0.15.1, 0.15.0, 0.15.0-beta.2, 0.15.0-beta.1, 0.15.0-alpha.2, 0.15.0-alpha.1, 0.14.4, 0.14.3, 0.14.2, 0.14.1, 0.14.0, 0.14.0-rc2, 0.14.0-rc1, 0.13.4, 0.13.3, 0.13.2, 0.13.1, 0.13.0, 0.12.5, 0.12.4, 0.12.3, 0.12.2, 0.12.1, 0.12.0, 0.11.1, 0.11.0, 0.10.4, 0.10.3, 0.10.2, 0.10.1, 0.10.0, 0.9.2, 0.9.1, 0.9.0, 0.8.0, 0.7.5, 0.7.4, 0.7.3, 0.7.2, 0.7.1, 0.7.0, 0.6.1, 0.6.0, 0.5.0, 0.4.1, 0.4.0, 0.3.3, 0.3.2, 0.3.1, 0.3.0, 0.2.2, 0.2.1, 0.2.0, 0.1.30, 0.1.29, 0.1.28, 0.1.27, 0.1.26, 0.1.25, 0.1.24, 0.1.23, 0.1.22, 0.1.21, 0.1.2, 0.1.1, 0.1.0
36 silly fetchPackageMetaData
36 silly fetchPackageMetaData     at pickVersionFromRegistryDocument (/usr/local/lib/node_modules/npm/lib/fetch-package-metadata.js:170:16)
36 silly fetchPackageMetaData     at /usr/local/lib/node_modules/npm/node_modules/iferr/index.js:13:50
36 silly fetchPackageMetaData     at /usr/local/lib/node_modules/npm/lib/utils/pulse-till-done.js:20:8
36 silly fetchPackageMetaData     at saved (/usr/local/lib/node_modules/npm/lib/cache/caching-client.js:174:7)
36 silly fetchPackageMetaData     at /usr/local/lib/node_modules/npm/node_modules/graceful-fs/polyfills.js:210:7
36 silly fetchPackageMetaData     at FSReqWrap.oncomplete (fs.js:117:15)
37 silly rollbackFailedOptional Starting
38 silly rollbackFailedOptional Finishing
39 silly runTopLevelLifecycles Starting
40 silly runTopLevelLifecycles Finishing
41 silly install printInstalled
42 verbose stack Error: No compatible version found: material-ui@0.15.2
42 verbose stack Valid install targets:
42 verbose stack 0.15.1, 0.15.0, 0.15.0-beta.2, 0.15.0-beta.1, 0.15.0-alpha.2, 0.15.0-alpha.1, 0.14.4, 0.14.3, 0.14.2, 0.14.1, 0.14.0, 0.14.0-rc2, 0.14.0-rc1, 0.13.4, 0.13.3, 0.13.2, 0.13.1, 0.13.0, 0.12.5, 0.12.4, 0.12.3, 0.12.2, 0.12.1, 0.12.0, 0.11.1, 0.11.0, 0.10.4, 0.10.3, 0.10.2, 0.10.1, 0.10.0, 0.9.2, 0.9.1, 0.9.0, 0.8.0, 0.7.5, 0.7.4, 0.7.3, 0.7.2, 0.7.1, 0.7.0, 0.6.1, 0.6.0, 0.5.0, 0.4.1, 0.4.0, 0.3.3, 0.3.2, 0.3.1, 0.3.0, 0.2.2, 0.2.1, 0.2.0, 0.1.30, 0.1.29, 0.1.28, 0.1.27, 0.1.26, 0.1.25, 0.1.24, 0.1.23, 0.1.22, 0.1.21, 0.1.2, 0.1.1, 0.1.0
42 verbose stack
42 verbose stack     at pickVersionFromRegistryDocument (/usr/local/lib/node_modules/npm/lib/fetch-package-metadata.js:170:16)
42 verbose stack     at /usr/local/lib/node_modules/npm/node_modules/iferr/index.js:13:50
42 verbose stack     at /usr/local/lib/node_modules/npm/lib/utils/pulse-till-done.js:20:8
42 verbose stack     at saved (/usr/local/lib/node_modules/npm/lib/cache/caching-client.js:174:7)
42 verbose stack     at /usr/local/lib/node_modules/npm/node_modules/graceful-fs/polyfills.js:210:7
42 verbose stack     at FSReqWrap.oncomplete (fs.js:117:15)
43 verbose cwd /Users/henrikbechmann/Servers/budgetpedia/www/dev.budgetpedia.ca
44 error Darwin 15.5.0
45 error argv "/usr/local/bin/node" "/usr/local/bin/npm" "install" "material-ui@0.15.2" "--save"
46 error node v6.2.2
47 error npm  v3.10.1
48 error No compatible version found: material-ui@0.15.2
48 error Valid install targets:
48 error 0.15.1, 0.15.0, 0.15.0-beta.2, 0.15.0-beta.1, 0.15.0-alpha.2, 0.15.0-alpha.1, 0.14.4, 0.14.3, 0.14.2, 0.14.1, 0.14.0, 0.14.0-rc2, 0.14.0-rc1, 0.13.4, 0.13.3, 0.13.2, 0.13.1, 0.13.0, 0.12.5, 0.12.4, 0.12.3, 0.12.2, 0.12.1, 0.12.0, 0.11.1, 0.11.0, 0.10.4, 0.10.3, 0.10.2, 0.10.1, 0.10.0, 0.9.2, 0.9.1, 0.9.0, 0.8.0, 0.7.5, 0.7.4, 0.7.3, 0.7.2, 0.7.1, 0.7.0, 0.6.1, 0.6.0, 0.5.0, 0.4.1, 0.4.0, 0.3.3, 0.3.2, 0.3.1, 0.3.0, 0.2.2, 0.2.1, 0.2.0, 0.1.30, 0.1.29, 0.1.28, 0.1.27, 0.1.26, 0.1.25, 0.1.24, 0.1.23, 0.1.22, 0.1.21, 0.1.2, 0.1.1, 0.1.0
49 error If you need help, you may report this error at:
49 error     <https://github.com/npm/npm/issues>
50 verbose exit [ 1, true ]
